Arguments: 
  /home/jimmyhp/.nvm/versions/node/v8.9.4/bin/node /usr/share/yarn/bin/yarn.js add express

PATH: 
  /home/jimmyhp/.rbenv/plugins/ruby-build/bin:/home/jimmyhp/.rbenv/shims:/home/jimmyhp/.rbenv/bin:/home/jimmyhp/.nvm/versions/node/v8.9.4/bin:/home/jimmyhp/bin:/usr/local/sbin:/usr/local/bin:/usr/sbin:/usr/bin:/sbin:/bin:/usr/games:/usr/local/games:/snap/bin:/usr/lib/jvm/java-8-oracle/bin:/usr/lib/jvm/java-8-oracle/db/bin:/usr/lib/jvm/java-8-oracle/jre/bin:/usr/lib/jvm/java-8-oracle/bin:/usr/lib/jvm/java-8-oracle/db/bin:/usr/lib/jvm/java-8-oracle/jre/bin:/home/jimmyhp/Android/Sdk/tools:/home/jimmyhp/Android/Sdk/platform-tools

Yarn version: 
  1.3.2

Node version: 
  8.9.4

Platform: 
  linux x64

npm manifest: 
  {
    "name": "awish4me",
    "version": "0.0.1",
    "description": "wish genie",
    "scripts": {
      "test": "echo \"Error: no test specified\" && exit 1",
       "start": "concurrently 'cd backend && yarn start' 'cd frontend && yarn run  build && yarn global add serve && serve -s build' ",
       "installAll": "yarn install &&  cd ./backend &&  yarn install && cd ../frontend && yarn install  && cd ../"
      
    } ,
    "repository": {
      "type": "git",
      "url": "git+https://github.com/suitcasemedia/awish4me.git"
    },
    "author": "jimmy",
    "license": "ISC",
    "bugs": {
      "url": "https://github.com/suitcasemedia/awish4me/issues"
    },
    "homepage": "https://github.com/suitcasemedia/awish4me#readme",
    "dependencies": {
      "concurrently": "^3.5.0"
     
    }
  
  }

yarn manifest: 
  No manifest

Lockfile: 
  No lockfile

Trace: 
  Error: https://registry.yarnpkg.com/concurrently: ETIMEDOUT
      at Timeout._onTimeout (/usr/share/yarn/lib/cli.js:123749:19)
      at ontimeout (timers.js:475:11)
      at tryOnTimeout (timers.js:310:5)
      at Timer.listOnTimeout (timers.js:270:5)
